mode: set
github.com/planner26/kafka-bindableOperator2/controllers/kafka_controller.go:62.97,70.16 5 0
github.com/planner26/kafka-bindableOperator2/controllers/kafka_controller.go:137.2,137.27 1 0
github.com/planner26/kafka-bindableOperator2/controllers/kafka_controller.go:70.16,73.3 1 0
github.com/planner26/kafka-bindableOperator2/controllers/kafka_controller.go:73.8,77.17 3 0
github.com/planner26/kafka-bindableOperator2/controllers/kafka_controller.go:81.3,91.17 9 0
github.com/planner26/kafka-bindableOperator2/controllers/kafka_controller.go:77.17,79.4 1 0
github.com/planner26/kafka-bindableOperator2/controllers/kafka_controller.go:91.17,94.4 2 0
github.com/planner26/kafka-bindableOperator2/controllers/kafka_controller.go:94.9,97.27 2 0
github.com/planner26/kafka-bindableOperator2/controllers/kafka_controller.go:123.4,123.15 1 0
github.com/planner26/kafka-bindableOperator2/controllers/kafka_controller.go:97.27,107.13 7 0
github.com/planner26/kafka-bindableOperator2/controllers/kafka_controller.go:113.5,119.8 5 0
github.com/planner26/kafka-bindableOperator2/controllers/kafka_controller.go:107.13,108.33 1 0
github.com/planner26/kafka-bindableOperator2/controllers/kafka_controller.go:108.33,110.7 1 0
github.com/planner26/kafka-bindableOperator2/controllers/kafka_controller.go:127.3,131.18 4 0
github.com/planner26/kafka-bindableOperator2/controllers/kafka_controller.go:131.18,133.5 1 0
github.com/planner26/kafka-bindableOperator2/controllers/kafka_controller.go:141.68,145.2 1 0
